# JRE version: Java(TM) SE Runtime Environment (8.0_201-b09) (build 1.8.0_201-b09)
# Java VM: Java HotSpot(TM) 64-Bit Server VM (25.201-b09 mixed mode windows-amd64 compressed oops)
Heap:
 PSYoungGen      total 361472K, used 327531K [0x00000000e0000000, 0x00000000fb300000, 0x0000000100000000)
  eden space 323584K, 93% used [0x00000000e0000000,0x00000000f26912b8,0x00000000f3c00000)
  from space 37888K, 68% used [0x00000000f3c00000,0x00000000f5549d20,0x00000000f6100000)
  to   space 38912K, 0% used [0x00000000f8d00000,0x00000000f8d00000,0x00000000fb300000)
 ParOldGen       total 184320K, used 43626K [0x00000000a0000000, 0x00000000ab400000, 0x00000000e0000000)
  object space 184320K, 23% used [0x00000000a0000000,0x00000000a2a9aa48,0x00000000ab400000)
 Metaspace       used 95703K, capacity 100294K, committed 100812K, reserved 1136640K
  class space    used 12529K, capacity 13386K, committed 13568K, reserved 1048576K
GC Heap History (10 events):
Event: 3790.487 GC heap before
{Heap before GC invocations=25 (full 4):
 PSYoungGen      total 282624K, used 255124K [0x00000000e0000000, 0x00000000f3d00000, 0x0000000100000000)
  eden space 246784K, 100% used [0x00000000e0000000,0x00000000ef100000,0x00000000ef100000)
  from space 35840K, 23% used [0x00000000f1300000,0x00000000f1b251f8,0x00000000f3600000)
  to   space 34816K, 0% used [0x00000000ef100000,0x00000000ef100000,0x00000000f1300000)
 ParOldGen       total 184320K, used 43618K [0x00000000a0000000, 0x00000000ab400000, 0x00000000e0000000)
  object space 184320K, 23% used [0x00000000a0000000,0x00000000a2a98a48,0x00000000ab400000)
 Metaspace       used 94438K, capacity 98962K, committed 99404K, reserved 1134592K
  class space    used 12447K, capacity 13304K, committed 13440K, reserved 1048576K
Event: 3790.529 GC heap after
Heap after GC invocations=25 (full 4):
 PSYoungGen      total 281600K, used 11520K [0x00000000e0000000, 0x00000000f5980000, 0x0000000100000000)
  eden space 246784K, 0% used [0x00000000e0000000,0x00000000e0000000,0x00000000ef100000)
  from space 34816K, 33% used [0x00000000ef100000,0x00000000efc40010,0x00000000f1300000)
  to   space 33792K, 0% used [0x00000000f3880000,0x00000000f3880000,0x00000000f5980000)
 ParOldGen       total 184320K, used 43618K [0x00000000a0000000, 0x00000000ab400000, 0x00000000e0000000)
  object space 184320K, 23% used [0x00000000a0000000,0x00000000a2a98a48,0x00000000ab400000)
 Metaspace       used 94438K, capacity 98962K, committed 99404K, reserved 1134592K
  class space    used 12447K, capacity 13304K, committed 13440K, reserved 1048576K
}
Event: 3796.637 GC heap before
{Heap before GC invocations=26 (full 4):
 PSYoungGen      total 281600K, used 258304K [0x00000000e0000000, 0x00000000f5980000, 0x0000000100000000)
  eden space 246784K, 100% used [0x00000000e0000000,0x00000000ef100000,0x00000000ef100000)
  from space 34816K, 33% used [0x00000000ef100000,0x00000000efc40010,0x00000000f1300000)
  to   space 33792K, 0% used [0x00000000f3880000,0x00000000f3880000,0x00000000f5980000)
 ParOldGen       total 184320K, used 43618K [0x00000000a0000000, 0x00000000ab400000, 0x00000000e0000000)
  object space 184320K, 23% used [0x00000000a0000000,0x00000000a2a98a48,0x00000000ab400000)
 Metaspace       used 95382K, capacity 99916K, committed 100556K, reserved 1136640K
  class space    used 12512K, capacity 13377K, committed 13568K, reserved 1048576K
Event: 3796.680 GC heap after
Heap after GC invocations=26 (full 4):
 PSYoungGen      total 310784K, used 19733K [0x00000000e0000000, 0x00000000f5500000, 0x0000000100000000)
  eden space 281600K, 0% used [0x00000000e0000000,0x00000000e0000000,0x00000000f1300000)
  from space 29184K, 67% used [0x00000000f3880000,0x00000000f4bc5708,0x00000000f5500000)
  to   space 33792K, 0% used [0x00000000f1300000,0x00000000f1300000,0x00000000f3400000)
 ParOldGen       total 184320K, used 43626K [0x00000000a0000000, 0x00000000ab400000, 0x00000000e0000000)
  object space 184320K, 23% used [0x00000000a0000000,0x00000000a2a9aa48,0x00000000ab400000)
 Metaspace       used 95382K, capacity 99916K, committed 100556K, reserved 1136640K
  class space    used 12512K, capacity 13377K, committed 13568K, reserved 1048576K
}
Event: 3798.471 GC heap before
{Heap before GC invocations=27 (full 4):
 PSYoungGen      total 310784K, used 301333K [0x00000000e0000000, 0x00000000f5500000, 0x0000000100000000)
  eden space 281600K, 100% used [0x00000000e0000000,0x00000000f1300000,0x00000000f1300000)
  from space 29184K, 67% used [0x00000000f3880000,0x00000000f4bc5708,0x00000000f5500000)
  to   space 33792K, 0% used [0x00000000f1300000,0x00000000f1300000,0x00000000f3400000)
 ParOldGen       total 184320K, used 43626K [0x00000000a0000000, 0x00000000ab400000, 0x00000000e0000000)
  object space 184320K, 23% used [0x00000000a0000000,0x00000000a2a9aa48,0x00000000ab400000)
 Metaspace       used 95571K, capacity 100150K, committed 100812K, reserved 1136640K
  class space    used 12529K, capacity 13386K, committed 13568K, reserved 1048576K
Event: 3798.529 GC heap after
Heap after GC invocations=27 (full 4):
 PSYoungGen      total 315392K, used 25757K [0x00000000e0000000, 0x00000000f8400000, 0x0000000100000000)
  eden space 281600K, 0% used [0x00000000e0000000,0x00000000e0000000,0x00000000f1300000)
  from space 33792K, 76% used [0x00000000f1300000,0x00000000f2c27740,0x00000000f3400000)
  to   space 35840K, 0% used [0x00000000f6100000,0x00000000f6100000,0x00000000f8400000)
 ParOldGen       total 184320K, used 43626K [0x00000000a0000000, 0x00000000ab400000, 0x00000000e0000000)
  object space 184320K, 23% used [0x00000000a0000000,0x00000000a2a9aa48,0x00000000ab400000)
 Metaspace       used 95571K, capacity 100150K, committed 100812K, reserved 1136640K
  class space    used 12529K, capacity 13386K, committed 13568K, reserved 1048576K
}
Event: 3799.570 GC heap before
{Heap before GC invocations=28 (full 4):
 PSYoungGen      total 315392K, used 307357K [0x00000000e0000000, 0x00000000f8400000, 0x0000000100000000)
  eden space 281600K, 100% used [0x00000000e0000000,0x00000000f1300000,0x00000000f1300000)
  from space 33792K, 76% used [0x00000000f1300000,0x00000000f2c27740,0x00000000f3400000)
  to   space 35840K, 0% used [0x00000000f6100000,0x00000000f6100000,0x00000000f8400000)
 ParOldGen       total 184320K, used 43626K [0x00000000a0000000, 0x00000000ab400000, 0x00000000e0000000)
  object space 184320K, 23% used [0x00000000a0000000,0x00000000a2a9aa48,0x00000000ab400000)
 Metaspace       used 95648K, capacity 100222K, committed 100812K, reserved 1136640K
  class space    used 12529K, capacity 13386K, committed 13568K, reserved 1048576K
Event: 3799.614 GC heap after
Heap after GC invocations=28 (full 4):
 PSYoungGen      total 359424K, used 27937K [0x00000000e0000000, 0x00000000f8d80000, 0x0000000100000000)
  eden space 323584K, 0% used [0x00000000e0000000,0x00000000e0000000,0x00000000f3c00000)
  from space 35840K, 77% used [0x00000000f6100000,0x00000000f7c48468,0x00000000f8400000)
  to   space 37888K, 0% used [0x00000000f3c00000,0x00000000f3c00000,0x00000000f6100000)
 ParOldGen       total 184320K, used 43626K [0x00000000a0000000, 0x00000000ab400000, 0x00000000e0000000)
  object space 184320K, 23% used [0x00000000a0000000,0x00000000a2a9aa48,0x00000000ab400000)
 Metaspace       used 95648K, capacity 100222K, committed 100812K, reserved 1136640K
  class space    used 12529K, capacity 13386K, committed 13568K, reserved 1048576K
}
Event: 3800.922 GC heap before
{Heap before GC invocations=29 (full 4):
 PSYoungGen      total 359424K, used 351521K [0x00000000e0000000, 0x00000000f8d80000, 0x0000000100000000)
  eden space 323584K, 100% used [0x00000000e0000000,0x00000000f3c00000,0x00000000f3c00000)
  from space 35840K, 77% used [0x00000000f6100000,0x00000000f7c48468,0x00000000f8400000)
  to   space 37888K, 0% used [0x00000000f3c00000,0x00000000f3c00000,0x00000000f6100000)
 ParOldGen       total 184320K, used 43626K [0x00000000a0000000, 0x00000000ab400000, 0x00000000e0000000)
  object space 184320K, 23% used [0x00000000a0000000,0x00000000a2a9aa48,0x00000000ab400000)
 Metaspace       used 95683K, capacity 100226K, committed 100812K, reserved 1136640K
  class space    used 12529K, capacity 13386K, committed 13568K, reserved 1048576K
Event: 3800.965 GC heap after
Heap after GC invocations=29 (full 4):
 PSYoungGen      total 361472K, used 25895K [0x00000000e0000000, 0x00000000fb300000, 0x0000000100000000)
  eden space 323584K, 0% used [0x00000000e0000000,0x00000000e0000000,0x00000000f3c00000)
  from space 37888K, 68% used [0x00000000f3c00000,0x00000000f5549d20,0x00000000f6100000)
  to   space 38912K, 0% used [0x00000000f8d00000,0x00000000f8d00000,0x00000000fb300000)
 ParOldGen       total 184320K, used 43626K [0x00000000a0000000, 0x00000000ab400000, 0x00000000e0000000)
  object space 184320K, 23% used [0x00000000a0000000,0x00000000a2a9aa48,0x00000000ab400000)
 Metaspace       used 95683K, capacity 100226K, committed 100812K, reserved 1136640K
  class space    used 12529K, capacity 13386K, committed 13568K, reserved 1048576K
}

