# JRE version: Java(TM) SE Runtime Environment (8.0_201-b09) (build 1.8.0_201-b09)
# Java VM: Java HotSpot(TM) 64-Bit Server VM (25.201-b09 mixed mode windows-amd64 compressed oops)
Heap:
 PSYoungGen      total 207360K, used 56599K [0x00000000e0000000, 0x00000000eda00000, 0x0000000100000000)
  eden space 191488K, 21% used [0x00000000e0000000,0x00000000e27cb640,0x00000000ebb00000)
  from space 15872K, 99% used [0x00000000ebb00000,0x00000000eca7a988,0x00000000eca80000)
  to   space 11776K, 0% used [0x00000000ece80000,0x00000000ece80000,0x00000000eda00000)
 ParOldGen       total 105984K, used 25558K [0x00000000a0000000, 0x00000000a6780000, 0x00000000e0000000)
  object space 105984K, 24% used [0x00000000a0000000,0x00000000a18f59c8,0x00000000a6780000)
 Metaspace       used 55638K, capacity 56928K, committed 56960K, reserved 1097728K
  class space    used 7752K, capacity 8049K, committed 8064K, reserved 1048576K
GC Heap History (10 events):
Event: 4.137 GC heap before
{Heap before GC invocations=5 (full 1):
 PSYoungGen      total 138240K, used 5088K [0x00000000e0000000, 0x00000000e8c00000, 0x0000000100000000)
  eden space 133120K, 0% used [0x00000000e0000000,0x00000000e0000000,0x00000000e8200000)
  from space 5120K, 99% used [0x00000000e8700000,0x00000000e8bf8050,0x00000000e8c00000)
  to   space 5120K, 0% used [0x00000000e8200000,0x00000000e8200000,0x00000000e8700000)
 ParOldGen       total 87552K, used 10876K [0x00000000a0000000, 0x00000000a5580000, 0x00000000e0000000)
  object space 87552K, 12% used [0x00000000a0000000,0x00000000a0a9f230,0x00000000a5580000)
 Metaspace       used 20709K, capacity 21100K, committed 21296K, reserved 1067008K
  class space    used 2994K, capacity 3162K, committed 3200K, reserved 1048576K
Event: 4.195 GC heap after
Heap after GC invocations=5 (full 1):
 PSYoungGen      total 138240K, used 0K [0x00000000e0000000, 0x00000000e8c00000, 0x0000000100000000)
  eden space 133120K, 0% used [0x00000000e0000000,0x00000000e0000000,0x00000000e8200000)
  from space 5120K, 0% used [0x00000000e8700000,0x00000000e8700000,0x00000000e8c00000)
  to   space 5120K, 0% used [0x00000000e8200000,0x00000000e8200000,0x00000000e8700000)
 ParOldGen       total 68096K, used 10604K [0x00000000a0000000, 0x00000000a4280000, 0x00000000e0000000)
  object space 68096K, 15% used [0x00000000a0000000,0x00000000a0a5b3f0,0x00000000a4280000)
 Metaspace       used 20709K, capacity 21100K, committed 21296K, reserved 1067008K
  class space    used 2994K, capacity 3162K, committed 3200K, reserved 1048576K
}
Event: 6.725 GC heap before
{Heap before GC invocations=6 (full 1):
 PSYoungGen      total 138240K, used 133120K [0x00000000e0000000, 0x00000000e8c00000, 0x0000000100000000)
  eden space 133120K, 100% used [0x00000000e0000000,0x00000000e8200000,0x00000000e8200000)
  from space 5120K, 0% used [0x00000000e8700000,0x00000000e8700000,0x00000000e8c00000)
  to   space 5120K, 0% used [0x00000000e8200000,0x00000000e8200000,0x00000000e8700000)
 ParOldGen       total 68096K, used 10604K [0x00000000a0000000, 0x00000000a4280000, 0x00000000e0000000)
  object space 68096K, 15% used [0x00000000a0000000,0x00000000a0a5b3f0,0x00000000a4280000)
 Metaspace       used 32040K, capacity 32484K, committed 32896K, reserved 1077248K
  class space    used 4516K, capacity 4663K, committed 4736K, reserved 1048576K
Event: 6.739 GC heap after
Heap after GC invocations=6 (full 1):
 PSYoungGen      total 138240K, used 5104K [0x00000000e0000000, 0x00000000ede00000, 0x0000000100000000)
  eden space 133120K, 0% used [0x00000000e0000000,0x00000000e0000000,0x00000000e8200000)
  from space 5120K, 99% used [0x00000000e8200000,0x00000000e86fc010,0x00000000e8700000)
  to   space 15872K, 0% used [0x00000000ece80000,0x00000000ece80000,0x00000000ede00000)
 ParOldGen       total 68096K, used 18467K [0x00000000a0000000, 0x00000000a4280000, 0x00000000e0000000)
  object space 68096K, 27% used [0x00000000a0000000,0x00000000a1208c30,0x00000000a4280000)
 Metaspace       used 32040K, capacity 32484K, committed 32896K, reserved 1077248K
  class space    used 4516K, capacity 4663K, committed 4736K, reserved 1048576K
}
Event: 11.811 GC heap before
{Heap before GC invocations=7 (full 1):
 PSYoungGen      total 138240K, used 58886K [0x00000000e0000000, 0x00000000ede00000, 0x0000000100000000)
  eden space 133120K, 40% used [0x00000000e0000000,0x00000000e3485b78,0x00000000e8200000)
  from space 5120K, 99% used [0x00000000e8200000,0x00000000e86fc010,0x00000000e8700000)
  to   space 15872K, 0% used [0x00000000ece80000,0x00000000ece80000,0x00000000ede00000)
 ParOldGen       total 68096K, used 18467K [0x00000000a0000000, 0x00000000a4280000, 0x00000000e0000000)
  object space 68096K, 27% used [0x00000000a0000000,0x00000000a1208c30,0x00000000a4280000)
 Metaspace       used 34736K, capacity 35394K, committed 35496K, reserved 1079296K
  class space    used 4882K, capacity 5066K, committed 5120K, reserved 1048576K
Event: 11.845 GC heap after
Heap after GC invocations=7 (full 1):
 PSYoungGen      total 203264K, used 10774K [0x00000000e0000000, 0x00000000eda00000, 0x0000000100000000)
  eden space 191488K, 0% used [0x00000000e0000000,0x00000000e0000000,0x00000000ebb00000)
  from space 11776K, 91% used [0x00000000ece80000,0x00000000ed905b00,0x00000000eda00000)
  to   space 15872K, 0% used [0x00000000ebb00000,0x00000000ebb00000,0x00000000eca80000)
 ParOldGen       total 68096K, used 18475K [0x00000000a0000000, 0x00000000a4280000, 0x00000000e0000000)
  object space 68096K, 27% used [0x00000000a0000000,0x00000000a120ac30,0x00000000a4280000)
 Metaspace       used 34736K, capacity 35394K, committed 35496K, reserved 1079296K
  class space    used 4882K, capacity 5066K, committed 5120K, reserved 1048576K
}
Event: 11.845 GC heap before
{Heap before GC invocations=8 (full 2):
 PSYoungGen      total 203264K, used 10774K [0x00000000e0000000, 0x00000000eda00000, 0x0000000100000000)
  eden space 191488K, 0% used [0x00000000e0000000,0x00000000e0000000,0x00000000ebb00000)
  from space 11776K, 91% used [0x00000000ece80000,0x00000000ed905b00,0x00000000eda00000)
  to   space 15872K, 0% used [0x00000000ebb00000,0x00000000ebb00000,0x00000000eca80000)
 ParOldGen       total 68096K, used 18475K [0x00000000a0000000, 0x00000000a4280000, 0x00000000e0000000)
  object space 68096K, 27% used [0x00000000a0000000,0x00000000a120ac30,0x00000000a4280000)
 Metaspace       used 34736K, capacity 35394K, committed 35496K, reserved 1079296K
  class space    used 4882K, capacity 5066K, committed 5120K, reserved 1048576K
Event: 11.960 GC heap after
Heap after GC invocations=8 (full 2):
 PSYoungGen      total 203264K, used 0K [0x00000000e0000000, 0x00000000eda00000, 0x0000000100000000)
  eden space 191488K, 0% used [0x00000000e0000000,0x00000000e0000000,0x00000000ebb00000)
  from space 11776K, 0% used [0x00000000ece80000,0x00000000ece80000,0x00000000eda00000)
  to   space 15872K, 0% used [0x00000000ebb00000,0x00000000ebb00000,0x00000000eca80000)
 ParOldGen       total 105984K, used 17524K [0x00000000a0000000, 0x00000000a6780000, 0x00000000e0000000)
  object space 105984K, 16% used [0x00000000a0000000,0x00000000a111d220,0x00000000a6780000)
 Metaspace       used 34734K, capacity 35388K, committed 35496K, reserved 1079296K
  class space    used 4881K, capacity 5065K, committed 5120K, reserved 1048576K
}
Event: 15.081 GC heap before
{Heap before GC invocations=9 (full 2):
 PSYoungGen      total 203264K, used 191488K [0x00000000e0000000, 0x00000000eda00000, 0x0000000100000000)
  eden space 191488K, 100% used [0x00000000e0000000,0x00000000ebb00000,0x00000000ebb00000)
  from space 11776K, 0% used [0x00000000ece80000,0x00000000ece80000,0x00000000eda00000)
  to   space 15872K, 0% used [0x00000000ebb00000,0x00000000ebb00000,0x00000000eca80000)
 ParOldGen       total 105984K, used 17524K [0x00000000a0000000, 0x00000000a6780000, 0x00000000e0000000)
  object space 105984K, 16% used [0x00000000a0000000,0x00000000a111d220,0x00000000a6780000)
 Metaspace       used 52170K, capacity 53476K, committed 53760K, reserved 1095680K
  class space    used 7234K, capacity 7577K, committed 7680K, reserved 1048576K
Event: 15.108 GC heap after
Heap after GC invocations=9 (full 2):
 PSYoungGen      total 207360K, used 15850K [0x00000000e0000000, 0x00000000eda00000, 0x0000000100000000)
  eden space 191488K, 0% used [0x00000000e0000000,0x00000000e0000000,0x00000000ebb00000)
  from space 15872K, 99% used [0x00000000ebb00000,0x00000000eca7a988,0x00000000eca80000)
  to   space 11776K, 0% used [0x00000000ece80000,0x00000000ece80000,0x00000000eda00000)
 ParOldGen       total 105984K, used 25558K [0x00000000a0000000, 0x00000000a6780000, 0x00000000e0000000)
  object space 105984K, 24% used [0x00000000a0000000,0x00000000a18f59c8,0x00000000a6780000)
 Metaspace       used 52170K, capacity 53476K, committed 53760K, reserved 1095680K
  class space    used 7234K, capacity 7577K, committed 7680K, reserved 1048576K
}

