# JRE version: Java(TM) SE Runtime Environment (8.0_201-b09) (build 1.8.0_201-b09)
# Java VM: Java HotSpot(TM) 64-Bit Server VM (25.201-b09 mixed mode windows-amd64 compressed oops)
Heap:
 PSYoungGen      total 389120K, used 225101K [0x00000000e0000000, 0x00000000f9d00000, 0x0000000100000000)
  eden space 360448K, 60% used [0x00000000e0000000,0x00000000ed3ed688,0x00000000f6000000)
  from space 28672K, 28% used [0x00000000f8100000,0x00000000f88e5e50,0x00000000f9d00000)
  to   space 31232K, 0% used [0x00000000f6000000,0x00000000f6000000,0x00000000f7e80000)
 ParOldGen       total 184320K, used 56510K [0x00000000a0000000, 0x00000000ab400000, 0x00000000e0000000)
  object space 184320K, 30% used [0x00000000a0000000,0x00000000a372f938,0x00000000ab400000)
 Metaspace       used 98488K, capacity 102402K, committed 102784K, reserved 1138688K
  class space    used 12769K, capacity 13535K, committed 13696K, reserved 1048576K
GC Heap History (10 events):
Event: 3322.869 GC heap before
{Heap before GC invocations=30 (full 4):
 PSYoungGen      total 258048K, used 249588K [0x00000000e0000000, 0x00000000f3800000, 0x0000000100000000)
  eden space 232448K, 100% used [0x00000000e0000000,0x00000000ee300000,0x00000000ee300000)
  from space 25600K, 66% used [0x00000000ee300000,0x00000000ef3bd338,0x00000000efc00000)
  to   space 25600K, 0% used [0x00000000f1f00000,0x00000000f1f00000,0x00000000f3800000)
 ParOldGen       total 184320K, used 47541K [0x00000000a0000000, 0x00000000ab400000, 0x00000000e0000000)
  object space 184320K, 25% used [0x00000000a0000000,0x00000000a2e6d578,0x00000000ab400000)
 Metaspace       used 97463K, capacity 101356K, committed 102144K, reserved 1138688K
  class space    used 12660K, capacity 13392K, committed 13568K, reserved 1048576K
Event: 3322.907 GC heap after
Heap after GC invocations=30 (full 4):
 PSYoungGen      total 292864K, used 19683K [0x00000000e0000000, 0x00000000f3c00000, 0x0000000100000000)
  eden space 267264K, 0% used [0x00000000e0000000,0x00000000e0000000,0x00000000f0500000)
  from space 25600K, 76% used [0x00000000f1f00000,0x00000000f3238e08,0x00000000f3800000)
  to   space 26624K, 0% used [0x00000000f0500000,0x00000000f0500000,0x00000000f1f00000)
 ParOldGen       total 184320K, used 47541K [0x00000000a0000000, 0x00000000ab400000, 0x00000000e0000000)
  object space 184320K, 25% used [0x00000000a0000000,0x00000000a2e6d578,0x00000000ab400000)
 Metaspace       used 97463K, capacity 101356K, committed 102144K, reserved 1138688K
  class space    used 12660K, capacity 13392K, committed 13568K, reserved 1048576K
}
Event: 3324.230 GC heap before
{Heap before GC invocations=31 (full 4):
 PSYoungGen      total 292864K, used 286947K [0x00000000e0000000, 0x00000000f3c00000, 0x0000000100000000)
  eden space 267264K, 100% used [0x00000000e0000000,0x00000000f0500000,0x00000000f0500000)
  from space 25600K, 76% used [0x00000000f1f00000,0x00000000f3238e08,0x00000000f3800000)
  to   space 26624K, 0% used [0x00000000f0500000,0x00000000f0500000,0x00000000f1f00000)
 ParOldGen       total 184320K, used 47541K [0x00000000a0000000, 0x00000000ab400000, 0x00000000e0000000)
  object space 184320K, 25% used [0x00000000a0000000,0x00000000a2e6d578,0x00000000ab400000)
 Metaspace       used 97486K, capacity 101360K, committed 102144K, reserved 1138688K
  class space    used 12661K, capacity 13392K, committed 13568K, reserved 1048576K
Event: 3324.277 GC heap after
Heap after GC invocations=31 (full 4):
 PSYoungGen      total 293888K, used 20263K [0x00000000e0000000, 0x00000000f6800000, 0x0000000100000000)
  eden space 267264K, 0% used [0x00000000e0000000,0x00000000e0000000,0x00000000f0500000)
  from space 26624K, 76% used [0x00000000f0500000,0x00000000f18c9c40,0x00000000f1f00000)
  to   space 27136K, 0% used [0x00000000f4d80000,0x00000000f4d80000,0x00000000f6800000)
 ParOldGen       total 184320K, used 47549K [0x00000000a0000000, 0x00000000ab400000, 0x00000000e0000000)
  object space 184320K, 25% used [0x00000000a0000000,0x00000000a2e6f578,0x00000000ab400000)
 Metaspace       used 97486K, capacity 101360K, committed 102144K, reserved 1138688K
  class space    used 12661K, capacity 13392K, committed 13568K, reserved 1048576K
}
Event: 3326.302 GC heap before
{Heap before GC invocations=32 (full 4):
 PSYoungGen      total 293888K, used 287527K [0x00000000e0000000, 0x00000000f6800000, 0x0000000100000000)
  eden space 267264K, 100% used [0x00000000e0000000,0x00000000f0500000,0x00000000f0500000)
  from space 26624K, 76% used [0x00000000f0500000,0x00000000f18c9c40,0x00000000f1f00000)
  to   space 27136K, 0% used [0x00000000f4d80000,0x00000000f4d80000,0x00000000f6800000)
 ParOldGen       total 184320K, used 47549K [0x00000000a0000000, 0x00000000ab400000, 0x00000000e0000000)
  object space 184320K, 25% used [0x00000000a0000000,0x00000000a2e6f578,0x00000000ab400000)
 Metaspace       used 97561K, capacity 101442K, committed 102144K, reserved 1138688K
  class space    used 12663K, capacity 13395K, committed 13568K, reserved 1048576K
Event: 3326.349 GC heap after
Heap after GC invocations=32 (full 4):
 PSYoungGen      total 338432K, used 27131K [0x00000000e0000000, 0x00000000f6e00000, 0x0000000100000000)
  eden space 311296K, 0% used [0x00000000e0000000,0x00000000e0000000,0x00000000f3000000)
  from space 27136K, 99% used [0x00000000f4d80000,0x00000000f67fede0,0x00000000f6800000)
  to   space 30208K, 0% used [0x00000000f3000000,0x00000000f3000000,0x00000000f4d80000)
 ParOldGen       total 184320K, used 47675K [0x00000000a0000000, 0x00000000ab400000, 0x00000000e0000000)
  object space 184320K, 25% used [0x00000000a0000000,0x00000000a2e8edf0,0x00000000ab400000)
 Metaspace       used 97561K, capacity 101442K, committed 102144K, reserved 1138688K
  class space    used 12663K, capacity 13395K, committed 13568K, reserved 1048576K
}
Event: 3329.322 GC heap before
{Heap before GC invocations=33 (full 4):
 PSYoungGen      total 338432K, used 338427K [0x00000000e0000000, 0x00000000f6e00000, 0x0000000100000000)
  eden space 311296K, 100% used [0x00000000e0000000,0x00000000f3000000,0x00000000f3000000)
  from space 27136K, 99% used [0x00000000f4d80000,0x00000000f67fede0,0x00000000f6800000)
  to   space 30208K, 0% used [0x00000000f3000000,0x00000000f3000000,0x00000000f4d80000)
 ParOldGen       total 184320K, used 47675K [0x00000000a0000000, 0x00000000ab400000, 0x00000000e0000000)
  object space 184320K, 25% used [0x00000000a0000000,0x00000000a2e8edf0,0x00000000ab400000)
 Metaspace       used 97811K, capacity 101710K, committed 102144K, reserved 1138688K
  class space    used 12696K, capacity 13449K, committed 13568K, reserved 1048576K
Event: 3329.361 GC heap after
Heap after GC invocations=33 (full 4):
 PSYoungGen      total 341504K, used 21755K [0x00000000e0000000, 0x00000000f9f00000, 0x0000000100000000)
  eden space 311296K, 0% used [0x00000000e0000000,0x00000000e0000000,0x00000000f3000000)
  from space 30208K, 72% used [0x00000000f3000000,0x00000000f453ee98,0x00000000f4d80000)
  to   space 30720K, 0% used [0x00000000f8100000,0x00000000f8100000,0x00000000f9f00000)
 ParOldGen       total 184320K, used 47675K [0x00000000a0000000, 0x00000000ab400000, 0x00000000e0000000)
  object space 184320K, 25% used [0x00000000a0000000,0x00000000a2e8edf0,0x00000000ab400000)
 Metaspace       used 97811K, capacity 101710K, committed 102144K, reserved 1138688K
  class space    used 12696K, capacity 13449K, committed 13568K, reserved 1048576K
}
Event: 3333.283 GC heap before
{Heap before GC invocations=34 (full 4):
 PSYoungGen      total 341504K, used 333051K [0x00000000e0000000, 0x00000000f9f00000, 0x0000000100000000)
  eden space 311296K, 100% used [0x00000000e0000000,0x00000000f3000000,0x00000000f3000000)
  from space 30208K, 72% used [0x00000000f3000000,0x00000000f453ee98,0x00000000f4d80000)
  to   space 30720K, 0% used [0x00000000f8100000,0x00000000f8100000,0x00000000f9f00000)
 ParOldGen       total 184320K, used 47675K [0x00000000a0000000, 0x00000000ab400000, 0x00000000e0000000)
  object space 184320K, 25% used [0x00000000a0000000,0x00000000a2e8edf0,0x00000000ab400000)
 Metaspace       used 98011K, capacity 101910K, committed 102400K, reserved 1138688K
  class space    used 12714K, capacity 13451K, committed 13568K, reserved 1048576K
Event: 3333.327 GC heap after
Heap after GC invocations=34 (full 4):
 PSYoungGen      total 389120K, used 8087K [0x00000000e0000000, 0x00000000f9d00000, 0x0000000100000000)
  eden space 360448K, 0% used [0x00000000e0000000,0x00000000e0000000,0x00000000f6000000)
  from space 28672K, 28% used [0x00000000f8100000,0x00000000f88e5e50,0x00000000f9d00000)
  to   space 31232K, 0% used [0x00000000f6000000,0x00000000f6000000,0x00000000f7e80000)
 ParOldGen       total 184320K, used 56510K [0x00000000a0000000, 0x00000000ab400000, 0x00000000e0000000)
  object space 184320K, 30% used [0x00000000a0000000,0x00000000a372f938,0x00000000ab400000)
 Metaspace       used 98011K, capacity 101910K, committed 102400K, reserved 1138688K
  class space    used 12714K, capacity 13451K, committed 13568K, reserved 1048576K
}

